<?xml version="1.0" encoding="UTF-8"?>
<!-- Generated by org.testng.reporters.JUnitReportReporter -->
<testsuite hostname="Sunils-MacBook-Air.local" failures="0" tests="3" name="com.aspire.tests.ProblemTestCase" time="229.750" errors="0" timestamp="2022-04-25T04:54:17 IST" skipped="0">
  <testcase classname="com.aspire.tests.ProblemTestCase" name="RunEndtoEndTestCase" time="83.526"/>
  <system-out/>
  <testcase classname="com.aspire.tests.ProblemTestCase" name="RunEndtoEndTestCase" time="72.836"/>
  <system-out/>
  <testcase classname="com.aspire.tests.ProblemTestCase" name="RunEndtoEndTestCase" time="73.388"/>
  <system-out/>
</testsuite> <!-- com.aspire.tests.ProblemTestCase -->
